<?xml version="1.0" encoding="UTF-8"?>
<!-- Generated by org.testng.reporters.JUnitXMLReporter -->
<testsuite ignored="1" hostname="LAPTOP-VKT3PE38" failures="1" tests="2" name="Test" time="24.005" errors="0" timestamp="2022-11-06T10:41:38 IST">
  <testcase classname="com.force.ui.base.ProjectHooks" name="@BeforeMethod init" time="12.816">
    <failure type="com.microsoft.playwright.PlaywrightException" message="Error {
  message=&amp;apos;Target page, context or browser has been closed
  name=&amp;apos;Error
  stack=&amp;apos;Error: Target page, context or browser has been closed
    at DispatcherConnection.dispatch (C:\Users\ROHITH\AppData\Local\Temp\playwright-java-1014535944253606735\package\lib\server\dispatchers\dispatcher.js:300:49)
    at PipeTransport.transport.onmessage (C:\Users\ROHITH\AppData\Local\Temp\playwright-java-1014535944253606735\package\lib\cli\driver.js:67:57)
    at Immediate._onImmediate (C:\Users\ROHITH\AppData\Local\Temp\playwright-java-1014535944253606735\package\lib\protocol\transport.js:89:34)
    at processImmediate (node:internal/timers:466:21)
}">
      <![CDATA[com.microsoft.playwright.PlaywrightException: Error {
  message='Target page, context or browser has been closed
  name='Error
  stack='Error: Target page, context or browser has been closed
    at DispatcherConnection.dispatch (C:\Users\ROHITH\AppData\Local\Temp\playwright-java-1014535944253606735\package\lib\server\dispatchers\dispatcher.js:300:49)
    at PipeTransport.transport.onmessage (C:\Users\ROHITH\AppData\Local\Temp\playwright-java-1014535944253606735\package\lib\cli\driver.js:67:57)
    at Immediate._onImmediate (C:\Users\ROHITH\AppData\Local\Temp\playwright-java-1014535944253606735\package\lib\protocol\transport.js:89:34)
    at processImmediate (node:internal/timers:466:21)
}
at com.microsoft.playwright.impl.WaitableResult.get(WaitableResult.java:54)
at com.microsoft.playwright.impl.ChannelOwner.runUntil(ChannelOwner.java:111)
at com.microsoft.playwright.impl.Connection.sendMessage(Connection.java:108)
at com.microsoft.playwright.impl.ChannelOwner.sendMessage(ChannelOwner.java:102)
at com.microsoft.playwright.impl.PageImpl.screenshotImpl(PageImpl.java:1061)
at com.microsoft.playwright.impl.PageImpl.lambda$screenshot$51(PageImpl.java:1000)
at com.microsoft.playwright.impl.LoggingSupport.withLogging(LoggingSupport.java:47)
at com.microsoft.playwright.impl.ChannelOwner.withLogging(ChannelOwner.java:87)
at com.microsoft.playwright.impl.PageImpl.screenshot(PageImpl.java:1000)
at com.microsoft.playwright.Page.screenshot(Page.java:5170)
at com.force.ui.base.ProjectHooks.takeSnap(ProjectHooks.java:35)
at com.force.ui.utility.Reporter.reportStep(Reporter.java:79)
at com.force.ui.utility.Reporter.reportStep(Reporter.java:100)
at com.force.ui.base.ProjectHooks.init(ProjectHooks.java:65)
at java.base/java.util.concurrent.ThreadPoolExecutor.runWorker(ThreadPoolExecutor.java:1128)
at java.base/java.util.concurrent.ThreadPoolExecutor$Worker.run(ThreadPoolExecutor.java:628)
at java.base/java.lang.Thread.run(Thread.java:830)
Caused by: com.microsoft.playwright.impl.DriverException: Error {
  message='Target page, context or browser has been closed
  name='Error
  stack='Error: Target page, context or browser has been closed
    at DispatcherConnection.dispatch (C:\Users\ROHITH\AppData\Local\Temp\playwright-java-1014535944253606735\package\lib\server\dispatchers\dispatcher.js:300:49)
    at PipeTransport.transport.onmessage (C:\Users\ROHITH\AppData\Local\Temp\playwright-java-1014535944253606735\package\lib\cli\driver.js:67:57)
    at Immediate._onImmediate (C:\Users\ROHITH\AppData\Local\Temp\playwright-java-1014535944253606735\package\lib\protocol\transport.js:89:34)
    at processImmediate (node:internal/timers:466:21)
}
at com.microsoft.playwright.impl.Connection.dispatch(Connection.java:190)
at com.microsoft.playwright.impl.Connection.processOneMessage(Connection.java:170)
at com.microsoft.playwright.impl.ChannelOwner.runUntil(ChannelOwner.java:109)
... 31 more
... Removed 16 stack frames]]>
    </failure>
  </testcase> <!-- @BeforeMethod init -->
  <testcase classname="page.base.SalesforceHooks" name="@BeforeMethod zLogin" time="-1.667711487284E9">
    <skipped/>
  </testcase> <!-- @BeforeMethod zLogin -->
  <testcase classname="tests.ui.services.TC01_CreateAccount" name="createAccount" time="0.0">
    <skipped/>
  </testcase> <!-- createAccount -->
  <testcase classname="tests.ui.services.TC02_EditAccount" name="editAccount" time="4.748">
    <failure type="com.microsoft.playwright.PlaywrightException" message="Error {
  message=&amp;apos;Target page, context or browser has been closed
  name=&amp;apos;Error
  stack=&amp;apos;Error: Target page, context or browser has been closed
    at DispatcherConnection.dispatch (C:\Users\ROHITH\AppData\Local\Temp\playwright-java-1014535944253606735\package\lib\server\dispatchers\dispatcher.js:300:49)
    at PipeTransport.transport.onmessage (C:\Users\ROHITH\AppData\Local\Temp\playwright-java-1014535944253606735\package\lib\cli\driver.js:67:57)
    at Immediate._onImmediate (C:\Users\ROHITH\AppData\Local\Temp\playwright-java-1014535944253606735\package\lib\protocol\transport.js:89:34)
    at processImmediate (node:internal/timers:466:21)
}">
      <![CDATA[com.microsoft.playwright.PlaywrightException: Error {
  message='Target page, context or browser has been closed
  name='Error
  stack='Error: Target page, context or browser has been closed
    at DispatcherConnection.dispatch (C:\Users\ROHITH\AppData\Local\Temp\playwright-java-1014535944253606735\package\lib\server\dispatchers\dispatcher.js:300:49)
    at PipeTransport.transport.onmessage (C:\Users\ROHITH\AppData\Local\Temp\playwright-java-1014535944253606735\package\lib\cli\driver.js:67:57)
    at Immediate._onImmediate (C:\Users\ROHITH\AppData\Local\Temp\playwright-java-1014535944253606735\package\lib\protocol\transport.js:89:34)
    at processImmediate (node:internal/timers:466:21)
}
at com.microsoft.playwright.impl.WaitableResult.get(WaitableResult.java:54)
at com.microsoft.playwright.impl.ChannelOwner.runUntil(ChannelOwner.java:111)
at com.microsoft.playwright.impl.Connection.sendMessage(Connection.java:108)
at com.microsoft.playwright.impl.ChannelOwner.sendMessage(ChannelOwner.java:102)
at com.microsoft.playwright.impl.PageImpl.screenshotImpl(PageImpl.java:1061)
at com.microsoft.playwright.impl.PageImpl.lambda$screenshot$51(PageImpl.java:1000)
at com.microsoft.playwright.impl.LoggingSupport.withLogging(LoggingSupport.java:47)
at com.microsoft.playwright.impl.ChannelOwner.withLogging(ChannelOwner.java:87)
at com.microsoft.playwright.impl.PageImpl.screenshot(PageImpl.java:1000)
at com.microsoft.playwright.Page.screenshot(Page.java:5170)
at com.force.ui.base.ProjectHooks.takeSnap(ProjectHooks.java:35)
at com.force.ui.utility.Reporter.reportStep(Reporter.java:79)
at com.force.ui.utility.Reporter.reportStep(Reporter.java:100)
at com.force.ui.base.PlaywrightWrapper.click(PlaywrightWrapper.java:113)
at page.base.HomePage.clickAppLauncher(HomePage.java:8)
at tests.ui.services.TC02_EditAccount.editAccount(TC02_EditAccount.java:25)
at java.base/java.util.concurrent.ThreadPoolExecutor.runWorker(ThreadPoolExecutor.java:1128)
at java.base/java.util.concurrent.ThreadPoolExecutor$Worker.run(ThreadPoolExecutor.java:628)
at java.base/java.lang.Thread.run(Thread.java:830)
Caused by: com.microsoft.playwright.impl.DriverException: Error {
  message='Target page, context or browser has been closed
  name='Error
  stack='Error: Target page, context or browser has been closed
    at DispatcherConnection.dispatch (C:\Users\ROHITH\AppData\Local\Temp\playwright-java-1014535944253606735\package\lib\server\dispatchers\dispatcher.js:300:49)
    at PipeTransport.transport.onmessage (C:\Users\ROHITH\AppData\Local\Temp\playwright-java-1014535944253606735\package\lib\cli\driver.js:67:57)
    at Immediate._onImmediate (C:\Users\ROHITH\AppData\Local\Temp\playwright-java-1014535944253606735\package\lib\protocol\transport.js:89:34)
    at processImmediate (node:internal/timers:466:21)
}
at com.microsoft.playwright.impl.Connection.dispatch(Connection.java:190)
at com.microsoft.playwright.impl.Connection.processOneMessage(Connection.java:170)
at com.microsoft.playwright.impl.ChannelOwner.runUntil(ChannelOwner.java:109)
... 29 more
... Removed 12 stack frames]]>
    </failure>
  </testcase> <!-- editAccount -->
  <testcase classname="com.force.ui.base.ProjectHooks" name="@BeforeSuite initSuite" time="0.0">
    <ignored/>
  </testcase> <!-- @BeforeSuite initSuite -->
</testsuite> <!-- Test -->
