<?xml version="1.0" encoding="UTF-8"?>
<testng-results ignored="1" total="3" passed="0" failed="1" skipped="1">
  <reporter-output>
  </reporter-output>
  <suite started-at="2022-11-06T10:41:14 IST" name="Suite" finished-at="2022-11-06T10:41:38 IST" duration-ms="24005">
    <groups>
    </groups>
    <test started-at="2022-11-06T10:41:14 IST" name="Test" finished-at="2022-11-06T10:41:38 IST" duration-ms="24005">
      <class name="tests.ui.services.TC02_EditAccount">
        <test-method is-config="true" signature="initSuite()[pri:0, instance:tests.ui.services.TC02_EditAccount@123ef382]" started-at="2022-11-06T10:41:14 IST" name="initSuite" finished-at="2022-11-06T10:41:14 IST" duration-ms="149" status="PASS">
          <reporter-output>
          </reporter-output>
        </test-method> <!-- initSuite -->
        <test-method is-config="true" signature="setReportValues()[pri:0, instance:tests.ui.services.TC02_EditAccount@123ef382]" started-at="2022-11-06T10:41:14 IST" name="setReportValues" finished-at="2022-11-06T10:41:14 IST" duration-ms="0" status="PASS">
          <reporter-output>
          </reporter-output>
        </test-method> <!-- setReportValues -->
        <test-method is-config="true" signature="startTestcaseReporting()[pri:0, instance:tests.ui.services.TC02_EditAccount@123ef382]" started-at="2022-11-06T10:41:14 IST" name="startTestcaseReporting" finished-at="2022-11-06T10:41:14 IST" duration-ms="6" status="PASS">
          <reporter-output>
          </reporter-output>
        </test-method> <!-- startTestcaseReporting -->
        <test-method is-config="true" signature="init()[pri:0, instance:tests.ui.services.TC02_EditAccount@123ef382]" started-at="2022-11-06T10:41:14 IST" name="init" finished-at="2022-11-06T10:41:27 IST" duration-ms="12812" status="PASS">
          <reporter-output>
          </reporter-output>
        </test-method> <!-- init -->
        <test-method is-config="true" signature="zLogin()[pri:0, instance:tests.ui.services.TC02_EditAccount@123ef382]" started-at="2022-11-06T10:41:27 IST" name="zLogin" finished-at="2022-11-06T10:41:33 IST" duration-ms="6082" status="PASS">
          <reporter-output>
          </reporter-output>
        </test-method> <!-- zLogin -->
        <test-method signature="editAccount()[pri:0, instance:tests.ui.services.TC02_EditAccount@123ef382]" started-at="2022-11-06T10:41:33 IST" name="editAccount" finished-at="2022-11-06T10:41:38 IST" duration-ms="4748" status="FAIL">
          <exception class="com.microsoft.playwright.PlaywrightException">
            <message>
              <![CDATA[Error {
  message='Target page, context or browser has been closed
  name='Error
  stack='Error: Target page, context or browser has been closed
    at DispatcherConnection.dispatch (C:\Users\ROHITH\AppData\Local\Temp\playwright-java-1014535944253606735\package\lib\server\dispatchers\dispatcher.js:300:49)
    at PipeTransport.transport.onmessage (C:\Users\ROHITH\AppData\Local\Temp\playwright-java-1014535944253606735\package\lib\cli\driver.js:67:57)
    at Immediate._onImmediate (C:\Users\ROHITH\AppData\Local\Temp\playwright-java-1014535944253606735\package\lib\protocol\transport.js:89:34)
    at processImmediate (node:internal/timers:466:21)
}]]>
            </message>
            <full-stacktrace>
              <![CDATA[com.microsoft.playwright.PlaywrightException: Error {
  message='Target page, context or browser has been closed
  name='Error
  stack='Error: Target page, context or browser has been closed
    at DispatcherConnection.dispatch (C:\Users\ROHITH\AppData\Local\Temp\playwright-java-1014535944253606735\package\lib\server\dispatchers\dispatcher.js:300:49)
    at PipeTransport.transport.onmessage (C:\Users\ROHITH\AppData\Local\Temp\playwright-java-1014535944253606735\package\lib\cli\driver.js:67:57)
    at Immediate._onImmediate (C:\Users\ROHITH\AppData\Local\Temp\playwright-java-1014535944253606735\package\lib\protocol\transport.js:89:34)
    at processImmediate (node:internal/timers:466:21)
}
at com.microsoft.playwright.impl.WaitableResult.get(WaitableResult.java:54)
at com.microsoft.playwright.impl.ChannelOwner.runUntil(ChannelOwner.java:111)
at com.microsoft.playwright.impl.Connection.sendMessage(Connection.java:108)
at com.microsoft.playwright.impl.ChannelOwner.sendMessage(ChannelOwner.java:102)
at com.microsoft.playwright.impl.PageImpl.screenshotImpl(PageImpl.java:1061)
at com.microsoft.playwright.impl.PageImpl.lambda$screenshot$51(PageImpl.java:1000)
at com.microsoft.playwright.impl.LoggingSupport.withLogging(LoggingSupport.java:47)
at com.microsoft.playwright.impl.ChannelOwner.withLogging(ChannelOwner.java:87)
at com.microsoft.playwright.impl.PageImpl.screenshot(PageImpl.java:1000)
at com.microsoft.playwright.Page.screenshot(Page.java:5170)
at com.force.ui.base.ProjectHooks.takeSnap(ProjectHooks.java:35)
at com.force.ui.utility.Reporter.reportStep(Reporter.java:79)
at com.force.ui.utility.Reporter.reportStep(Reporter.java:100)
at com.force.ui.base.PlaywrightWrapper.click(PlaywrightWrapper.java:113)
at page.base.HomePage.clickAppLauncher(HomePage.java:8)
at tests.ui.services.TC02_EditAccount.editAccount(TC02_EditAccount.java:25)
at java.base/jdk.internal.reflect.NativeMethodAccessorImpl.invoke0(Native Method)
at java.base/jdk.internal.reflect.NativeMethodAccessorImpl.invoke(NativeMethodAccessorImpl.java:62)
at java.base/jdk.internal.reflect.DelegatingMethodAccessorImpl.invoke(DelegatingMethodAccessorImpl.java:43)
at java.base/java.lang.reflect.Method.invoke(Method.java:567)
at org.testng.internal.MethodInvocationHelper.invokeMethod(MethodInvocationHelper.java:133)
at org.testng.internal.TestInvoker.invokeMethod(TestInvoker.java:598)
at org.testng.internal.TestInvoker.invokeTestMethod(TestInvoker.java:173)
at org.testng.internal.MethodRunner.runInSequence(MethodRunner.java:46)
at org.testng.internal.TestInvoker$MethodInvocationAgent.invoke(TestInvoker.java:824)
at org.testng.internal.TestInvoker.invokeTestMethods(TestInvoker.java:146)
at org.testng.internal.TestMethodWorker.invokeTestMethods(TestMethodWorker.java:146)
at org.testng.internal.TestMethodWorker.run(TestMethodWorker.java:128)
at java.base/java.util.concurrent.ThreadPoolExecutor.runWorker(ThreadPoolExecutor.java:1128)
at java.base/java.util.concurrent.ThreadPoolExecutor$Worker.run(ThreadPoolExecutor.java:628)
at java.base/java.lang.Thread.run(Thread.java:830)
Caused by: com.microsoft.playwright.impl.DriverException: Error {
  message='Target page, context or browser has been closed
  name='Error
  stack='Error: Target page, context or browser has been closed
    at DispatcherConnection.dispatch (C:\Users\ROHITH\AppData\Local\Temp\playwright-java-1014535944253606735\package\lib\server\dispatchers\dispatcher.js:300:49)
    at PipeTransport.transport.onmessage (C:\Users\ROHITH\AppData\Local\Temp\playwright-java-1014535944253606735\package\lib\cli\driver.js:67:57)
    at Immediate._onImmediate (C:\Users\ROHITH\AppData\Local\Temp\playwright-java-1014535944253606735\package\lib\protocol\transport.js:89:34)
    at processImmediate (node:internal/timers:466:21)
}
at com.microsoft.playwright.impl.Connection.dispatch(Connection.java:190)
at com.microsoft.playwright.impl.Connection.processOneMessage(Connection.java:170)
at com.microsoft.playwright.impl.ChannelOwner.runUntil(ChannelOwner.java:109)
... 29 more
]]>
            </full-stacktrace>
          </exception> <!-- com.microsoft.playwright.PlaywrightException -->
          <reporter-output>
          </reporter-output>
        </test-method> <!-- editAccount -->
        <test-method is-config="true" signature="tearDown()[pri:0, instance:tests.ui.services.TC02_EditAccount@123ef382]" started-at="2022-11-06T10:41:38 IST" name="tearDown" finished-at="2022-11-06T10:41:38 IST" duration-ms="324" status="PASS">
          <reporter-output>
          </reporter-output>
        </test-method> <!-- tearDown -->
      </class> <!-- tests.ui.services.TC02_EditAccount -->
      <class name="tests.ui.services.TC01_CreateAccount">
        <test-method is-config="true" signature="setReportValues()[pri:0, instance:tests.ui.services.TC01_CreateAccount@3ce1e309]" started-at="2022-11-06T10:41:14 IST" name="setReportValues" finished-at="2022-11-06T10:41:14 IST" duration-ms="0" status="PASS">
          <reporter-output>
          </reporter-output>
        </test-method> <!-- setReportValues -->
        <test-method is-config="true" signature="startTestcaseReporting()[pri:0, instance:tests.ui.services.TC01_CreateAccount@3ce1e309]" started-at="2022-11-06T10:41:14 IST" name="startTestcaseReporting" finished-at="2022-11-06T10:41:14 IST" duration-ms="6" status="PASS">
          <reporter-output>
          </reporter-output>
        </test-method> <!-- startTestcaseReporting -->
        <test-method is-config="true" signature="init()[pri:0, instance:tests.ui.services.TC01_CreateAccount@3ce1e309]" started-at="2022-11-06T10:41:14 IST" name="init" finished-at="2022-11-06T10:41:27 IST" duration-ms="12816" status="FAIL">
          <exception class="com.microsoft.playwright.PlaywrightException">
            <message>
              <![CDATA[Error {
  message='Target page, context or browser has been closed
  name='Error
  stack='Error: Target page, context or browser has been closed
    at DispatcherConnection.dispatch (C:\Users\ROHITH\AppData\Local\Temp\playwright-java-1014535944253606735\package\lib\server\dispatchers\dispatcher.js:300:49)
    at PipeTransport.transport.onmessage (C:\Users\ROHITH\AppData\Local\Temp\playwright-java-1014535944253606735\package\lib\cli\driver.js:67:57)
    at Immediate._onImmediate (C:\Users\ROHITH\AppData\Local\Temp\playwright-java-1014535944253606735\package\lib\protocol\transport.js:89:34)
    at processImmediate (node:internal/timers:466:21)
}]]>
            </message>
            <full-stacktrace>
              <![CDATA[com.microsoft.playwright.PlaywrightException: Error {
  message='Target page, context or browser has been closed
  name='Error
  stack='Error: Target page, context or browser has been closed
    at DispatcherConnection.dispatch (C:\Users\ROHITH\AppData\Local\Temp\playwright-java-1014535944253606735\package\lib\server\dispatchers\dispatcher.js:300:49)
    at PipeTransport.transport.onmessage (C:\Users\ROHITH\AppData\Local\Temp\playwright-java-1014535944253606735\package\lib\cli\driver.js:67:57)
    at Immediate._onImmediate (C:\Users\ROHITH\AppData\Local\Temp\playwright-java-1014535944253606735\package\lib\protocol\transport.js:89:34)
    at processImmediate (node:internal/timers:466:21)
}
at com.microsoft.playwright.impl.WaitableResult.get(WaitableResult.java:54)
at com.microsoft.playwright.impl.ChannelOwner.runUntil(ChannelOwner.java:111)
at com.microsoft.playwright.impl.Connection.sendMessage(Connection.java:108)
at com.microsoft.playwright.impl.ChannelOwner.sendMessage(ChannelOwner.java:102)
at com.microsoft.playwright.impl.PageImpl.screenshotImpl(PageImpl.java:1061)
at com.microsoft.playwright.impl.PageImpl.lambda$screenshot$51(PageImpl.java:1000)
at com.microsoft.playwright.impl.LoggingSupport.withLogging(LoggingSupport.java:47)
at com.microsoft.playwright.impl.ChannelOwner.withLogging(ChannelOwner.java:87)
at com.microsoft.playwright.impl.PageImpl.screenshot(PageImpl.java:1000)
at com.microsoft.playwright.Page.screenshot(Page.java:5170)
at com.force.ui.base.ProjectHooks.takeSnap(ProjectHooks.java:35)
at com.force.ui.utility.Reporter.reportStep(Reporter.java:79)
at com.force.ui.utility.Reporter.reportStep(Reporter.java:100)
at com.force.ui.base.ProjectHooks.init(ProjectHooks.java:65)
at java.base/jdk.internal.reflect.NativeMethodAccessorImpl.invoke0(Native Method)
at java.base/jdk.internal.reflect.NativeMethodAccessorImpl.invoke(NativeMethodAccessorImpl.java:62)
at java.base/jdk.internal.reflect.DelegatingMethodAccessorImpl.invoke(DelegatingMethodAccessorImpl.java:43)
at java.base/java.lang.reflect.Method.invoke(Method.java:567)
at org.testng.internal.MethodInvocationHelper.invokeMethod(MethodInvocationHelper.java:133)
at org.testng.internal.MethodInvocationHelper.invokeMethodConsideringTimeout(MethodInvocationHelper.java:62)
at org.testng.internal.ConfigInvoker.invokeConfigurationMethod(ConfigInvoker.java:385)
at org.testng.internal.ConfigInvoker.invokeConfigurations(ConfigInvoker.java:321)
at org.testng.internal.TestInvoker.runConfigMethods(TestInvoker.java:700)
at org.testng.internal.TestInvoker.invokeMethod(TestInvoker.java:527)
at org.testng.internal.TestInvoker.invokeTestMethod(TestInvoker.java:173)
at org.testng.internal.MethodRunner.runInSequence(MethodRunner.java:46)
at org.testng.internal.TestInvoker$MethodInvocationAgent.invoke(TestInvoker.java:824)
at org.testng.internal.TestInvoker.invokeTestMethods(TestInvoker.java:146)
at org.testng.internal.TestMethodWorker.invokeTestMethods(TestMethodWorker.java:146)
at org.testng.internal.TestMethodWorker.run(TestMethodWorker.java:128)
at java.base/java.util.concurrent.ThreadPoolExecutor.runWorker(ThreadPoolExecutor.java:1128)
at java.base/java.util.concurrent.ThreadPoolExecutor$Worker.run(ThreadPoolExecutor.java:628)
at java.base/java.lang.Thread.run(Thread.java:830)
Caused by: com.microsoft.playwright.impl.DriverException: Error {
  message='Target page, context or browser has been closed
  name='Error
  stack='Error: Target page, context or browser has been closed
    at DispatcherConnection.dispatch (C:\Users\ROHITH\AppData\Local\Temp\playwright-java-1014535944253606735\package\lib\server\dispatchers\dispatcher.js:300:49)
    at PipeTransport.transport.onmessage (C:\Users\ROHITH\AppData\Local\Temp\playwright-java-1014535944253606735\package\lib\cli\driver.js:67:57)
    at Immediate._onImmediate (C:\Users\ROHITH\AppData\Local\Temp\playwright-java-1014535944253606735\package\lib\protocol\transport.js:89:34)
    at processImmediate (node:internal/timers:466:21)
}
at com.microsoft.playwright.impl.Connection.dispatch(Connection.java:190)
at com.microsoft.playwright.impl.Connection.processOneMessage(Connection.java:170)
at com.microsoft.playwright.impl.ChannelOwner.runUntil(ChannelOwner.java:109)
... 31 more
]]>
            </full-stacktrace>
          </exception> <!-- com.microsoft.playwright.PlaywrightException -->
          <reporter-output>
          </reporter-output>
        </test-method> <!-- init -->
        <test-method is-config="true" signature="zLogin()[pri:0, instance:tests.ui.services.TC01_CreateAccount@3ce1e309]" started-at="2022-11-06T10:41:27 IST" name="zLogin" finished-at="1970-01-01T05:30:00 IST" duration-ms="-1667711487284" status="SKIP">
          <reporter-output>
          </reporter-output>
        </test-method> <!-- zLogin -->
        <test-method signature="createAccount()[pri:0, instance:tests.ui.services.TC01_CreateAccount@3ce1e309]" started-at="2022-11-06T10:41:27 IST" name="createAccount" finished-at="2022-11-06T10:41:27 IST" duration-ms="0" status="SKIP">
          <exception class="com.microsoft.playwright.PlaywrightException">
            <message>
              <![CDATA[Error {
  message='Target page, context or browser has been closed
  name='Error
  stack='Error: Target page, context or browser has been closed
    at DispatcherConnection.dispatch (C:\Users\ROHITH\AppData\Local\Temp\playwright-java-1014535944253606735\package\lib\server\dispatchers\dispatcher.js:300:49)
    at PipeTransport.transport.onmessage (C:\Users\ROHITH\AppData\Local\Temp\playwright-java-1014535944253606735\package\lib\cli\driver.js:67:57)
    at Immediate._onImmediate (C:\Users\ROHITH\AppData\Local\Temp\playwright-java-1014535944253606735\package\lib\protocol\transport.js:89:34)
    at processImmediate (node:internal/timers:466:21)
}]]>
            </message>
            <full-stacktrace>
              <![CDATA[com.microsoft.playwright.PlaywrightException: Error {
  message='Target page, context or browser has been closed
  name='Error
  stack='Error: Target page, context or browser has been closed
    at DispatcherConnection.dispatch (C:\Users\ROHITH\AppData\Local\Temp\playwright-java-1014535944253606735\package\lib\server\dispatchers\dispatcher.js:300:49)
    at PipeTransport.transport.onmessage (C:\Users\ROHITH\AppData\Local\Temp\playwright-java-1014535944253606735\package\lib\cli\driver.js:67:57)
    at Immediate._onImmediate (C:\Users\ROHITH\AppData\Local\Temp\playwright-java-1014535944253606735\package\lib\protocol\transport.js:89:34)
    at processImmediate (node:internal/timers:466:21)
}
at com.microsoft.playwright.impl.WaitableResult.get(WaitableResult.java:54)
at com.microsoft.playwright.impl.ChannelOwner.runUntil(ChannelOwner.java:111)
at com.microsoft.playwright.impl.Connection.sendMessage(Connection.java:108)
at com.microsoft.playwright.impl.ChannelOwner.sendMessage(ChannelOwner.java:102)
at com.microsoft.playwright.impl.PageImpl.screenshotImpl(PageImpl.java:1061)
at com.microsoft.playwright.impl.PageImpl.lambda$screenshot$51(PageImpl.java:1000)
at com.microsoft.playwright.impl.LoggingSupport.withLogging(LoggingSupport.java:47)
at com.microsoft.playwright.impl.ChannelOwner.withLogging(ChannelOwner.java:87)
at com.microsoft.playwright.impl.PageImpl.screenshot(PageImpl.java:1000)
at com.microsoft.playwright.Page.screenshot(Page.java:5170)
at com.force.ui.base.ProjectHooks.takeSnap(ProjectHooks.java:35)
at com.force.ui.utility.Reporter.reportStep(Reporter.java:79)
at com.force.ui.utility.Reporter.reportStep(Reporter.java:100)
at com.force.ui.base.ProjectHooks.init(ProjectHooks.java:65)
at java.base/jdk.internal.reflect.NativeMethodAccessorImpl.invoke0(Native Method)
at java.base/jdk.internal.reflect.NativeMethodAccessorImpl.invoke(NativeMethodAccessorImpl.java:62)
at java.base/jdk.internal.reflect.DelegatingMethodAccessorImpl.invoke(DelegatingMethodAccessorImpl.java:43)
at java.base/java.lang.reflect.Method.invoke(Method.java:567)
at org.testng.internal.MethodInvocationHelper.invokeMethod(MethodInvocationHelper.java:133)
at org.testng.internal.MethodInvocationHelper.invokeMethodConsideringTimeout(MethodInvocationHelper.java:62)
at org.testng.internal.ConfigInvoker.invokeConfigurationMethod(ConfigInvoker.java:385)
at org.testng.internal.ConfigInvoker.invokeConfigurations(ConfigInvoker.java:321)
at org.testng.internal.TestInvoker.runConfigMethods(TestInvoker.java:700)
at org.testng.internal.TestInvoker.invokeMethod(TestInvoker.java:527)
at org.testng.internal.TestInvoker.invokeTestMethod(TestInvoker.java:173)
at org.testng.internal.MethodRunner.runInSequence(MethodRunner.java:46)
at org.testng.internal.TestInvoker$MethodInvocationAgent.invoke(TestInvoker.java:824)
at org.testng.internal.TestInvoker.invokeTestMethods(TestInvoker.java:146)
at org.testng.internal.TestMethodWorker.invokeTestMethods(TestMethodWorker.java:146)
at org.testng.internal.TestMethodWorker.run(TestMethodWorker.java:128)
at java.base/java.util.concurrent.ThreadPoolExecutor.runWorker(ThreadPoolExecutor.java:1128)
at java.base/java.util.concurrent.ThreadPoolExecutor$Worker.run(ThreadPoolExecutor.java:628)
at java.base/java.lang.Thread.run(Thread.java:830)
Caused by: com.microsoft.playwright.impl.DriverException: Error {
  message='Target page, context or browser has been closed
  name='Error
  stack='Error: Target page, context or browser has been closed
    at DispatcherConnection.dispatch (C:\Users\ROHITH\AppData\Local\Temp\playwright-java-1014535944253606735\package\lib\server\dispatchers\dispatcher.js:300:49)
    at PipeTransport.transport.onmessage (C:\Users\ROHITH\AppData\Local\Temp\playwright-java-1014535944253606735\package\lib\cli\driver.js:67:57)
    at Immediate._onImmediate (C:\Users\ROHITH\AppData\Local\Temp\playwright-java-1014535944253606735\package\lib\protocol\transport.js:89:34)
    at processImmediate (node:internal/timers:466:21)
}
at com.microsoft.playwright.impl.Connection.dispatch(Connection.java:190)
at com.microsoft.playwright.impl.Connection.processOneMessage(Connection.java:170)
at com.microsoft.playwright.impl.ChannelOwner.runUntil(ChannelOwner.java:109)
... 31 more
]]>
            </full-stacktrace>
          </exception> <!-- com.microsoft.playwright.PlaywrightException -->
          <reporter-output>
          </reporter-output>
        </test-method> <!-- createAccount -->
        <test-method is-config="true" signature="tearDown()[pri:0, instance:tests.ui.services.TC01_CreateAccount@3ce1e309]" started-at="2022-11-06T10:41:27 IST" name="tearDown" finished-at="2022-11-06T10:41:27 IST" duration-ms="543" status="PASS">
          <reporter-output>
          </reporter-output>
        </test-method> <!-- tearDown -->
      </class> <!-- tests.ui.services.TC01_CreateAccount -->
    </test> <!-- Test -->
  </suite> <!-- Suite -->
</testng-results>
